<?xml version="1.0" encoding="UTF-8"?>
<!-- Generated by org.testng.reporters.JUnitXMLReporter -->
<testsuite hostname="chandra" ignored="0" name="Test" tests="6" failures="0" timestamp="12 Oct 2019 12:46:51 GMT" time="0.07" errors="0">
  <testcase name="deleteTwitter" time="0.015" classname="qaclickacademy.APITest"/>
  <testcase name="postJira" time="0.001" classname="qaclickacademy.APITest"/>
  <testcase name="Iosapp" time="0.0" classname="qaclickacademy.AppiumTest"/>
  <testcase name="Nativeapp" time="0.001" classname="qaclickacademy.AppiumTest"/>
  <testcase name="BrowserAutomation" time="0.0" classname="qaclickacademy.SeleniumTest"/>
  <testcase name="elementsUi" time="0.0" classname="qaclickacademy.SeleniumTest"/>
</testsuite> <!-- Test -->
