<?xml version="1.0" encoding="UTF-8"?>
<testng-results skipped="0" failed="0" ignored="0" total="2" passed="2">
  <reporter-output>
  </reporter-output>
  <suite name="Default suite" duration-ms="96" started-at="2019-10-12T17:07:53 IST" finished-at="2019-10-12T17:07:53 IST">
    <groups>
    </groups>
    <test name="Default test" duration-ms="96" started-at="2019-10-12T17:07:53 IST" finished-at="2019-10-12T17:07:53 IST">
      <class name="qaclickacademy.SeleniumTest">
        <test-method status="PASS" signature="BrowserAutomation()[pri:0, instance:qaclickacademy.SeleniumTest@66480dd7]" name="BrowserAutomation" duration-ms="18" started-at="2019-10-12T17:07:53 IST" finished-at="2019-10-12T17:07:53 IST">
          <reporter-output>
          </reporter-output>
        </test-method> <!-- BrowserAutomation -->
        <test-method status="PASS" signature="elementsUi()[pri:0, instance:qaclickacademy.SeleniumTest@66480dd7]" name="elementsUi" duration-ms="3" started-at="2019-10-12T17:07:53 IST" finished-at="2019-10-12T17:07:53 IST">
          <reporter-output>
          </reporter-output>
        </test-method> <!-- elementsUi -->
      </class> <!-- qaclickacademy.SeleniumTest -->
    </test> <!-- Default test -->
  </suite> <!-- Default suite -->
</testng-results>
